[debug] [2020-03-29T14:23:03.982Z] ----------------------------------------------------------------------
[debug] [2020-03-29T14:23:03.986Z] Command:       C:\Program Files\nodejs\node.exe C:\Users\paul.glazzard\AppData\Local\Yarn\Data\global\node_modules\firebase-tools\lib\bin\firebase.js init
[debug] [2020-03-29T14:23:03.986Z] CLI Version:   7.15.1
[debug] [2020-03-29T14:23:03.986Z] Platform:      win32
[debug] [2020-03-29T14:23:03.986Z] Node Version:  v13.9.0
[debug] [2020-03-29T14:23:03.990Z] Time:          Sun Mar 29 2020 15:23:03 GMT+0100 (British Summer Time)
[debug] [2020-03-29T14:23:03.990Z] ----------------------------------------------------------------------
[debug] [2020-03-29T14:23:03.990Z] 
[debug] [2020-03-29T14:23:04.013Z] > command requires scopes: ["email","openid","https://www.googleapis.com/auth/cloudplatformprojects.readonly","https://www.googleapis.com/auth/firebase","https://www.googleapis.com/auth/cloud-platform"]
[debug] [2020-03-29T14:23:04.013Z] > authorizing via signed-in user
[info] 
     ######## #### ########  ######## ########     ###     ######  ########
     ##        ##  ##     ## ##       ##     ##  ##   ##  ##       ##
     ######    ##  ########  ######   ########  #########  ######  ######
     ##        ##  ##    ##  ##       ##     ## ##     ##       ## ##
     ##       #### ##     ## ######## ########  ##     ##  ######  ########

You're about to initialize a Firebase project in this directory:

  C:\Users\paul.glazzard\code\news

[info] 
=== Project Setup
[info] 
[info] First, let's associate this project directory with a Firebase project.
[info] You can create multiple project aliases by running firebase use --add, 
[info] but for now we'll just set up a default project.
[info] 
[debug] [2020-03-29T14:24:02.384Z] > refreshing access token with scopes: ["email","https://www.googleapis.com/auth/cloud-platform","https://www.googleapis.com/auth/cloudplatformprojects.readonly","https://www.googleapis.com/auth/firebase","openid"]
[debug] [2020-03-29T14:24:02.388Z] >>> HTTP REQUEST POST https://www.googleapis.com/oauth2/v3/token  
 <request body omitted>
[debug] [2020-03-29T14:24:02.666Z] <<< HTTP RESPONSE 200
[debug] [2020-03-29T14:24:02.678Z] >>> HTTP REQUEST GET https://firebase.googleapis.com/v1beta1/projects?pageSize=100  
 
[debug] [2020-03-29T14:24:03.287Z] <<< HTTP RESPONSE 200
[info] i  Using project news-6fd0f (News)
[info] 
=== Database Setup
[info] 
[info] Firebase Realtime Database Rules allow you to define how your data should be
[info] structured and when your data can be read from and written to.
[info] 
[debug] [2020-03-29T14:25:00.165Z] >>> HTTP REQUEST GET https://news-6fd0f.firebaseio.com/.settings/rules.json  
 
[debug] [2020-03-29T14:25:00.870Z] <<< HTTP RESPONSE 200
[debug] [2020-03-29T14:25:01.032Z] Error: EISDIR: illegal operation on a directory, open 'C:\Users\paul.glazzard\code\news'
    at Object.openSync (fs.js:461:3)
    at Object.writeFileSync (fs.js:1302:35)
    at Config.writeProjectFile (C:\Users\paul.glazzard\AppData\Local\Yarn\Data\global\node_modules\firebase-tools\lib\config.js:179:8)
    at C:\Users\paul.glazzard\AppData\Local\Yarn\Data\global\node_modules\firebase-tools\lib\init\features\database.js:25:23
    at processTicksAndRejections (internal/process/task_queues.js:97:5)
[error] 
[error] Error: An unexpected error has occurred.
